C51 COMPILER V9.54   CONTROL                                                               05/02/2022 19:15:19 PAGE 1   


C51 COMPILER V9.54, COMPILATION OF MODULE CONTROL
OBJECT MODULE PLACED IN .\Objects\control.obj
COMPILER INVOKED BY: E:\KEIL5\C51\BIN\C51.EXE control.c OPTIMIZE(8,SPEED) BROWSE DEBUG OBJECTEXTEND PRINT(.\Listings\con
                    -trol.lst) TABS(2) OBJECT(.\Objects\control.obj)

line level    source

   1          #include <REGX52.H>
   2          
   3          unsigned int count;      
   4          unsigned int angle=20;   
   5          
   6          sbit pwm =P1^0 ;     
   7          
   8          void Timer0_Init(void)    //100微秒@11.0592MHz
   9          {
  10   1        TMOD |= 0x11;   //设置定时器模式
  11   1        TL0 = 0xA4;     //设置定时初值
  12   1        TH0 = 0xFF;     //设置定时初值
  13   1        TF0  = 0;       //clear TF0
  14   1        TR0  = 1;       //timer start
  15   1        ET0  = 1;       //allow to interrupt
  16   1        EA   = 1;       //open all timers
  17   1        PT0  = 1;
  18   1      }
  19          
  20          
  21          void Timer0_continue() interrupt 1
  22          {
  23   1        TL0 = 0xA4;   
  24   1        TH0 = 0xFF;   
  25   1        if(count < angle)              
  26   1            pwm=1;                 
  27   1          else
  28   1            pwm=0;                 
  29   1          count=(count+1);         
  30   1          count=count%160;    
  31   1      }
  32          
  33          void control2()
  34          { 
  35   1        angle=12;
  36   1      }
  37          void control1()
  38          { 
  39   1        angle=11;
  40   1      }
  41          void control3()
  42          { 
  43   1        angle=13;
  44   1      }


MODULE INFORMATION:   STATIC OVERLAYABLE
   CODE SIZE        =    122    ----
   CONSTANT SIZE    =   ----    ----
   XDATA SIZE       =   ----    ----
   PDATA SIZE       =   ----    ----
   DATA SIZE        =      4    ----
   IDATA SIZE       =   ----    ----
   BIT SIZE         =   ----    ----
C51 COMPILER V9.54   CONTROL                                                               05/02/2022 19:15:19 PAGE 2   

END OF MODULE INFORMATION.


C51 COMPILATION COMPLETE.  0 WARNING(S),  0 ERROR(S)
