C51 COMPILER V9.54   SONAR                                                                 05/02/2022 19:15:19 PAGE 1   


C51 COMPILER V9.54, COMPILATION OF MODULE SONAR
OBJECT MODULE PLACED IN .\Objects\sonar.obj
COMPILER INVOKED BY: E:\KEIL5\C51\BIN\C51.EXE sonar.c OPTIMIZE(8,SPEED) BROWSE DEBUG OBJECTEXTEND PRINT(.\Listings\sonar
                    -.lst) TABS(2) OBJECT(.\Objects\sonar.obj)

line level    source

   1          #include <REGX52.H>
   2          #include <intrins.h>
   3          
   4          sbit Trig1 = P2^0;   //emitter
   5          sbit Echo1 = P2^1;   //receiver
   6          
   7          unsigned int distance;
   8          
   9          ////////////////////////////////////////////////////////////////
  10          
  11          void Delay15us()    //@11.0592MHz
  12          {
  13   1        unsigned char i;
  14   1      
  15   1        _nop_();
  16   1        i = 4;
  17   1        while (--i);
  18   1      }
  19          
  20          ////////////////////////////////////////////////////////////////
  21          
  22          int sonar()
  23          {
  24   1        TMOD  = 0x11;    //since timer1 has set as mode1 in run.c
  25   1        TL1   = 0;       //initial set
  26   1        TH1   = 0;       //initial set
  27   1        EA    = 1;       //open all timers
  28   1        
  29   1      ////////////////////////////
  30   1        
  31   1        Trig1 = 1;       //front emiter
  32   1        Delay15us();
  33   1        Trig1 = 0;       //emit a TTL in 20us 
  34   1        while(!Echo1);
  35   1        TR1   = 1;       //clock start
  36   1        while(Echo1);    //until received
  37   1        {
  38   2          TR1 = 0;       //end clock
  39   2          distance = ((TH1*256+TL1)*0.034)/2;
  40   2          TL1 = 0;       //initial reset
  41   2          TH1 = 0;       //initial reset  
  42   2        }
  43   1        return distance;
  44   1        }


MODULE INFORMATION:   STATIC OVERLAYABLE
   CODE SIZE        =     88    ----
   CONSTANT SIZE    =   ----    ----
   XDATA SIZE       =   ----    ----
   PDATA SIZE       =   ----    ----
   DATA SIZE        =      2    ----
   IDATA SIZE       =   ----    ----
   BIT SIZE         =   ----    ----
C51 COMPILER V9.54   SONAR                                                                 05/02/2022 19:15:19 PAGE 2   

END OF MODULE INFORMATION.


C51 COMPILATION COMPLETE.  0 WARNING(S),  0 ERROR(S)
